Flow report for Alu
Tue Nov 01 21:49:23 2022
Quartus Prime Version 20.1.0 Build 711 06/05/2020 SJ Lite Edition


---------------------
; Table of Contents ;
---------------------
  1. Legal Notice
  2. Flow Summary
  3. Flow Settings
  4. Flow Non-Default Global Settings
  5. Flow Elapsed Time
  6. Flow OS Summary
  7. Flow Log
  8. Flow Messages
  9. Flow Suppressed Messages



----------------
; Legal Notice ;
----------------
Copyright (C) 2020  Intel Corporation. All rights reserved.
Your use of Intel Corporation's design tools, logic functions 
and other software and tools, and any partner logic 
functions, and any output files from any of the foregoing 
(including device programming or simulation files), and any 
associated documentation or information are expressly subject 
to the terms and conditions of the Intel Program License 
Subscription Agreement, the Intel Quartus Prime License Agreement,
the Intel FPGA IP License Agreement, or other applicable license
agreement, including, without limitation, that your use is for
the sole purpose of programming logic devices manufactured by
Intel and sold by Intel or its authorized distributors.  Please
refer to the applicable agreement for further details, at
https://fpgasoftware.intel.com/eula.



+----------------------------------------------------------------------------------+
; Flow Summary                                                                     ;
+------------------------------------+---------------------------------------------+
; Flow Status                        ; Successful - Tue Nov 01 21:49:23 2022       ;
; Quartus Prime Version              ; 20.1.0 Build 711 06/05/2020 SJ Lite Edition ;
; Revision Name                      ; Alu                                         ;
; Top-level Entity Name              ; processor                                   ;
; Family                             ; Cyclone IV GX                               ;
; Device                             ; EP4CGX150DF31C7                             ;
; Timing Models                      ; Final                                       ;
; Total logic elements               ; 3,686 / 149,760 ( 2 % )                     ;
;     Total combinational functions  ; 3,598 / 149,760 ( 2 % )                     ;
;     Dedicated logic registers      ; 1,053 / 149,760 ( < 1 % )                   ;
; Total registers                    ; 1053                                        ;
; Total pins                         ; 164 / 508 ( 32 % )                          ;
; Total virtual pins                 ; 0                                           ;
; Total memory bits                  ; 4,718,592 / 6,635,520 ( 71 % )              ;
; Embedded Multiplier 9-bit elements ; 0 / 720 ( 0 % )                             ;
; Total GXB Receiver Channel PCS     ; 0 / 8 ( 0 % )                               ;
; Total GXB Receiver Channel PMA     ; 0 / 8 ( 0 % )                               ;
; Total GXB Transmitter Channel PCS  ; 0 / 8 ( 0 % )                               ;
; Total GXB Transmitter Channel PMA  ; 0 / 8 ( 0 % )                               ;
; Total PLLs                         ; 0 / 8 ( 0 % )                               ;
+------------------------------------+---------------------------------------------+


+-----------------------------------------+
; Flow Settings                           ;
+-------------------+---------------------+
; Option            ; Setting             ;
+-------------------+---------------------+
; Start date & time ; 11/01/2022 21:44:23 ;
; Main task         ; Compilation         ;
; Revision Name     ; Alu                 ;
+-------------------+---------------------+


+------------------------------------------------------------------------------------------------------------------------------+
; Flow Non-Default Global Settings                                                                                             ;
+--------------------------------------+----------------------------------------+---------------+-------------+----------------+
; Assignment Name                      ; Value                                  ; Default Value ; Entity Name ; Section Id     ;
+--------------------------------------+----------------------------------------+---------------+-------------+----------------+
; COMPILER_SIGNATURE_ID                ; 198642185432401.166736066321816        ; --            ; --          ; --             ;
; EDA_DESIGN_INSTANCE_NAME             ; NA                                     ; --            ; --          ; test1          ;
; EDA_NATIVELINK_SIMULATION_TEST_BENCH ; test1                                  ; --            ; --          ; eda_simulation ;
; EDA_OUTPUT_DATA_FORMAT               ; Systemverilog Hdl                      ; --            ; --          ; eda_simulation ;
; EDA_SIMULATION_TOOL                  ; ModelSim-Altera (SystemVerilog)        ; <None>        ; --          ; --             ;
; EDA_TEST_BENCH_ENABLE_STATUS         ; TEST_BENCH_MODE                        ; --            ; --          ; eda_simulation ;
; EDA_TEST_BENCH_FILE                  ; processor_tb.sv                        ; --            ; --          ; test1          ;
; EDA_TEST_BENCH_MODULE_NAME           ; test1                                  ; --            ; --          ; test1          ;
; EDA_TEST_BENCH_NAME                  ; test1                                  ; --            ; --          ; eda_simulation ;
; EDA_TIME_SCALE                       ; 1 ps                                   ; --            ; --          ; eda_simulation ;
; MAX_CORE_JUNCTION_TEMP               ; 85                                     ; --            ; --          ; --             ;
; MIN_CORE_JUNCTION_TEMP               ; 0                                      ; --            ; --          ; --             ;
; MISC_FILE                            ; ROM_bb.v                               ; --            ; --          ; --             ;
; MISC_FILE                            ; RAM_bb.v                               ; --            ; --          ; --             ;
; PARTITION_COLOR                      ; -- (Not supported for targeted family) ; --            ; processor   ; Top            ;
; PARTITION_FITTER_PRESERVATION_LEVEL  ; -- (Not supported for targeted family) ; --            ; processor   ; Top            ;
; PARTITION_NETLIST_TYPE               ; -- (Not supported for targeted family) ; --            ; processor   ; Top            ;
; POWER_BOARD_THERMAL_MODEL            ; None (CONSERVATIVE)                    ; --            ; --          ; --             ;
; POWER_PRESET_COOLING_SOLUTION        ; 23 MM HEAT SINK WITH 200 LFPM AIRFLOW  ; --            ; --          ; --             ;
; PROJECT_OUTPUT_DIRECTORY             ; output_files                           ; --            ; --          ; --             ;
; TOP_LEVEL_ENTITY                     ; processor                              ; Alu           ; --          ; --             ;
+--------------------------------------+----------------------------------------+---------------+-------------+----------------+


+--------------------------------------------------------------------------------------------------------------------------+
; Flow Elapsed Time                                                                                                        ;
+----------------------+--------------+-------------------------+---------------------+------------------------------------+
; Module Name          ; Elapsed Time ; Average Processors Used ; Peak Virtual Memory ; Total CPU Time (on all processors) ;
+----------------------+--------------+-------------------------+---------------------+------------------------------------+
; Analysis & Synthesis ; 00:00:49     ; 1.0                     ; 4879 MB             ; 00:00:55                           ;
; Fitter               ; 00:03:16     ; 1.0                     ; 5556 MB             ; 00:03:48                           ;
; Assembler            ; 00:00:11     ; 1.0                     ; 4814 MB             ; 00:00:10                           ;
; Timing Analyzer      ; 00:00:12     ; 1.2                     ; 4935 MB             ; 00:00:11                           ;
; EDA Netlist Writer   ; 00:00:04     ; 1.0                     ; 4777 MB             ; 00:00:03                           ;
; Total                ; 00:04:32     ; --                      ; --                  ; 00:05:07                           ;
+----------------------+--------------+-------------------------+---------------------+------------------------------------+


+------------------------------------------------------------------------------------+
; Flow OS Summary                                                                    ;
+----------------------+------------------+------------+------------+----------------+
; Module Name          ; Machine Hostname ; OS Name    ; OS Version ; Processor type ;
+----------------------+------------------+------------+------------+----------------+
; Analysis & Synthesis ; LAPTOP-BT9581L7  ; Windows 10 ; 10.0       ; x86_64         ;
; Fitter               ; LAPTOP-BT9581L7  ; Windows 10 ; 10.0       ; x86_64         ;
; Assembler            ; LAPTOP-BT9581L7  ; Windows 10 ; 10.0       ; x86_64         ;
; Timing Analyzer      ; LAPTOP-BT9581L7  ; Windows 10 ; 10.0       ; x86_64         ;
; EDA Netlist Writer   ; LAPTOP-BT9581L7  ; Windows 10 ; 10.0       ; x86_64         ;
+----------------------+------------------+------------+------------+----------------+


------------
; Flow Log ;
------------
quartus_map --read_settings_files=on --write_settings_files=off Alu -c Alu
quartus_fit --read_settings_files=off --write_settings_files=off Alu -c Alu
quartus_asm --read_settings_files=off --write_settings_files=off Alu -c Alu
quartus_sta Alu -c Alu
quartus_eda --read_settings_files=off --write_settings_files=off Alu -c Alu



